<?xml version="1.0" encoding="UTF-8"?>
<!-- Generated by org.testng.reporters.JUnitReportReporter -->
<testsuite skipped="1" hostname="REACH-HARDs-MacBook-Pro.local" name="company.AddEmployerLocation" tests="2" failures="0" timestamp="2021-10-18T08:00:15 WAT" time="3.152" errors="1">
  <testcase name="testAddEmployerLocation" time="0.000" classname="company.AddEmployerLocation">
    <skipped/>
  </testcase> <!-- testAddEmployerLocation -->
  <system-out/>
  <testcase name="setUp1" time="3.152" classname="company.AddEmployerLocation">
    <error type="org.openqa.selenium.SessionNotCreatedException" message="session not created: This version of ChromeDriver only supports Chrome version 92
Current browser version is 94.0.4606.81 with binary path /Applications/Google Chrome.app/Contents/MacOS/Google Chrome
Build info: version: &#039;3.141.59&#039;, revision: &#039;e82be7d358&#039;, time: &#039;2018-11-14T08:17:03&#039;
System info: host: &#039;REACH-HARDs-MacBook-Pro.local&#039;, ip: &#039;fe80:0:0:0:10b8:cc45:3df6:2783%en0&#039;, os.name: &#039;Mac OS X&#039;, os.arch: &#039;x86_64&#039;, os.version: &#039;10.15.7&#039;, java.version: &#039;1.8.0_251&#039;
Driver info: driver.version: ChromeDriver
remote stacktrace: 0   chromedriver                        0x000000010ea1d829 chromedriver + 2730025
1   chromedriver                        0x000000010f0daf43 chromedriver + 9797443
2   chromedriver                        0x000000010e7af958 chromedriver + 182616
3   chromedriver                        0x000000010e7d56a8 chromedriver + 337576
4   chromedriver                        0x000000010e7d12e3 chromedriver + 320227
5   chromedriver                        0x000000010e7cd9f6 chromedriver + 305654
6   chromedriver                        0x000000010e8069d2 chromedriver + 539090
7   chromedriver                        0x000000010e800c93 chromedriver + 515219
8   chromedriver                        0x000000010e7d78be chromedriver + 346302
9   chromedriver                        0x000000010e7d8b25 chromedriver + 351013
10  chromedriver                        0x000000010e9e4f8f chromedriver + 2498447
11  chromedriver                        0x000000010e9f7a61 chromedriver + 2574945
12  chromedriver                        0x000000010e9ca76b chromedriver + 2389867
13  chromedriver                        0x000000010e9f8eda chromedriver + 2580186
14  chromedriver                        0x000000010e9daffc chromedriver + 2457596
15  chromedriver                        0x000000010ea12148 chromedriver + 2683208
16  chromedriver                        0x000000010ea122d1 chromedriver + 2683601
17  chromedriver                        0x000000010ea22848 chromedriver + 2750536
18  libsystem_pthread.dylib             0x00007fff678cd109 _pthread_start + 148
19  libsystem_pthread.dylib             0x00007fff678c8b8b thread_start + 15
">
      <![CDATA[org.openqa.selenium.SessionNotCreatedException: session not created: This version of ChromeDriver only supports Chrome version 92
Current browser version is 94.0.4606.81 with binary path /Applications/Google Chrome.app/Contents/MacOS/Google Chrome
Build info: version: '3.141.59', revision: 'e82be7d358', time: '2018-11-14T08:17:03'
System info: host: 'REACH-HARDs-MacBook-Pro.local', ip: 'fe80:0:0:0:10b8:cc45:3df6:2783%en0', os.name: 'Mac OS X', os.arch: 'x86_64', os.version: '10.15.7', java.version: '1.8.0_251'
Driver info: driver.version: ChromeDriver
remote stacktrace: 0   chromedriver                        0x000000010ea1d829 chromedriver + 2730025
1   chromedriver                        0x000000010f0daf43 chromedriver + 9797443
2   chromedriver                        0x000000010e7af958 chromedriver + 182616
3   chromedriver                        0x000000010e7d56a8 chromedriver + 337576
4   chromedriver                        0x000000010e7d12e3 chromedriver + 320227
5   chromedriver                        0x000000010e7cd9f6 chromedriver + 305654
6   chromedriver                        0x000000010e8069d2 chromedriver + 539090
7   chromedriver                        0x000000010e800c93 chromedriver + 515219
8   chromedriver                        0x000000010e7d78be chromedriver + 346302
9   chromedriver                        0x000000010e7d8b25 chromedriver + 351013
10  chromedriver                        0x000000010e9e4f8f chromedriver + 2498447
11  chromedriver                        0x000000010e9f7a61 chromedriver + 2574945
12  chromedriver                        0x000000010e9ca76b chromedriver + 2389867
13  chromedriver                        0x000000010e9f8eda chromedriver + 2580186
14  chromedriver                        0x000000010e9daffc chromedriver + 2457596
15  chromedriver                        0x000000010ea12148 chromedriver + 2683208
16  chromedriver                        0x000000010ea122d1 chromedriver + 2683601
17  chromedriver                        0x000000010ea22848 chromedriver + 2750536
18  libsystem_pthread.dylib             0x00007fff678cd109 _pthread_start + 148
19  libsystem_pthread.dylib             0x00007fff678c8b8b thread_start + 15

at sun.reflect.NativeConstructorAccessorImpl.newInstance0(Native Method)
at sun.reflect.NativeConstructorAccessorImpl.newInstance(NativeConstructorAccessorImpl.java:62)
at sun.reflect.DelegatingConstructorAccessorImpl.newInstance(DelegatingConstructorAccessorImpl.java:45)
at java.lang.reflect.Constructor.newInstance(Constructor.java:423)
at org.openqa.selenium.remote.W3CHandshakeResponse.lambda$errorHandler$0(W3CHandshakeResponse.java:62)
at org.openqa.selenium.remote.HandshakeResponse.lambda$getResponseFunction$0(HandshakeResponse.java:30)
at org.openqa.selenium.remote.ProtocolHandshake.lambda$createSession$0(ProtocolHandshake.java:126)
at java.util.stream.ReferencePipeline$3$1.accept(ReferencePipeline.java:193)
at java.util.Spliterators$ArraySpliterator.tryAdvance(Spliterators.java:958)
at java.util.stream.ReferencePipeline.forEachWithCancel(ReferencePipeline.java:126)
at java.util.stream.AbstractPipeline.copyIntoWithCancel(AbstractPipeline.java:499)
at java.util.stream.AbstractPipeline.copyInto(AbstractPipeline.java:486)
at java.util.stream.AbstractPipeline.wrapAndCopyInto(AbstractPipeline.java:472)
at java.util.stream.FindOps$FindOp.evaluateSequential(FindOps.java:152)
at java.util.stream.AbstractPipeline.evaluate(AbstractPipeline.java:234)
at java.util.stream.ReferencePipeline.findFirst(ReferencePipeline.java:464)
at org.openqa.selenium.remote.ProtocolHandshake.createSession(ProtocolHandshake.java:128)
at org.openqa.selenium.remote.ProtocolHandshake.createSession(ProtocolHandshake.java:74)
at org.openqa.selenium.remote.HttpCommandExecutor.execute(HttpCommandExecutor.java:136)
at org.openqa.selenium.remote.service.DriverCommandExecutor.execute(DriverCommandExecutor.java:83)
at org.openqa.selenium.remote.RemoteWebDriver.execute(RemoteWebDriver.java:552)
at org.openqa.selenium.remote.RemoteWebDriver.startSession(RemoteWebDriver.java:213)
at org.openqa.selenium.remote.RemoteWebDriver.<init>(RemoteWebDriver.java:131)
at org.openqa.selenium.chrome.ChromeDriver.<init>(ChromeDriver.java:181)
at org.openqa.selenium.chrome.ChromeDriver.<init>(ChromeDriver.java:168)
at org.openqa.selenium.chrome.ChromeDriver.<init>(ChromeDriver.java:123)
at utils.EmployerUtility.EmployerUtilityclass(EmployerUtility.java:88)
at company.AddEmployerLocation.setUp1(AddEmployerLocation.java:99)
at sun.reflect.NativeMethodAccessorImpl.invoke0(Native Method)
at sun.reflect.NativeMethodAccessorImpl.invoke(NativeMethodAccessorImpl.java:62)
at sun.reflect.DelegatingMethodAccessorImpl.invoke(DelegatingMethodAccessorImpl.java:43)
at java.lang.reflect.Method.invoke(Method.java:498)
at org.testng.internal.MethodInvocationHelper.invokeMethod(MethodInvocationHelper.java:132)
at org.testng.internal.MethodInvocationHelper.invokeMethodConsideringTimeout(MethodInvocationHelper.java:61)
at org.testng.internal.ConfigInvoker.invokeConfigurationMethod(ConfigInvoker.java:366)
at org.testng.internal.ConfigInvoker.invokeConfigurations(ConfigInvoker.java:320)
at org.testng.internal.TestInvoker.runConfigMethods(TestInvoker.java:701)
at org.testng.internal.TestInvoker.invokeMethod(TestInvoker.java:527)
at org.testng.internal.TestInvoker.invokeTestMethod(TestInvoker.java:174)
at org.testng.internal.MethodRunner.runInSequence(MethodRunner.java:46)
at org.testng.internal.TestInvoker$MethodInvocationAgent.invoke(TestInvoker.java:822)
at org.testng.internal.TestInvoker.invokeTestMethods(TestInvoker.java:147)
at org.testng.internal.TestMethodWorker.invokeTestMethods(TestMethodWorker.java:146)
at org.testng.internal.TestMethodWorker.run(TestMethodWorker.java:128)
at java.util.ArrayList.forEach(ArrayList.java:1257)
at org.testng.TestRunner.privateRun(TestRunner.java:764)
at org.testng.TestRunner.run(TestRunner.java:585)
at org.testng.SuiteRunner.runTest(SuiteRunner.java:384)
at org.testng.SuiteRunner.runSequentially(SuiteRunner.java:378)
at org.testng.SuiteRunner.privateRun(SuiteRunner.java:337)
at org.testng.SuiteRunner.run(SuiteRunner.java:286)
at org.testng.SuiteRunnerWorker.runSuite(SuiteRunnerWorker.java:53)
at org.testng.SuiteRunnerWorker.run(SuiteRunnerWorker.java:96)
at org.testng.TestNG.runSuitesSequentially(TestNG.java:1218)
at org.testng.TestNG.runSuitesLocally(TestNG.java:1140)
at org.testng.TestNG.runSuites(TestNG.java:1069)
at org.testng.TestNG.run(TestNG.java:1037)
at org.testng.remote.AbstractRemoteTestNG.run(AbstractRemoteTestNG.java:115)
at org.testng.remote.RemoteTestNG.initAndRun(RemoteTestNG.java:251)
at org.testng.remote.RemoteTestNG.main(RemoteTestNG.java:77)
]]>
    </error>
  </testcase> <!-- setUp1 -->
  <system-out/>
</testsuite> <!-- company.AddEmployerLocation -->
